#! /usr/bin/vvp
:ivl_version "11.0 (stable)";
:ivl_delay_selection "TYPICAL";
:vpi_time_precision - 12;
:vpi_module "/usr/lib/x86_64-linux-gnu/ivl/system.vpi";
:vpi_module "/usr/lib/x86_64-linux-gnu/ivl/vhdl_sys.vpi";
:vpi_module "/usr/lib/x86_64-linux-gnu/ivl/vhdl_textio.vpi";
:vpi_module "/usr/lib/x86_64-linux-gnu/ivl/v2005_math.vpi";
:vpi_module "/usr/lib/x86_64-linux-gnu/ivl/va_math.vpi";
S_0x64985c90bcd0 .scope module, "tb_total" "tb_total" 2 3;
 .timescale -9 -12;
v0x64985c936980_0 .var "a", 3 0;
v0x64985c936a60_0 .var "b", 3 0;
v0x64985c936b30_0 .net "carry_out", 0 0, L_0x64985c947550;  1 drivers
v0x64985c936c50_0 .var "cin", 0 0;
v0x64985c936d40_0 .var "clk", 0 0;
v0x64985c936e30_0 .net "sum", 3 0, L_0x64985c946bc0;  1 drivers
S_0x64985c8ee0f0 .scope module, "uut" "total" 2 12, 3 117 0, S_0x64985c90bcd0;
 .timescale -9 -12;
    .port_info 0 /INPUT 4 "a";
    .port_info 1 /INPUT 4 "b";
    .port_info 2 /INPUT 1 "cin";
    .port_info 3 /INPUT 1 "clk";
    .port_info 4 /OUTPUT 4 "sum";
    .port_info 5 /OUTPUT 1 "carry_out";
v0x64985c936040_0 .net "a", 3 0, v0x64985c936980_0;  1 drivers
v0x64985c936120_0 .net "b", 3 0, v0x64985c936a60_0;  1 drivers
v0x64985c936200_0 .net "carry_out", 0 0, L_0x64985c947550;  alias, 1 drivers
v0x64985c9362a0_0 .net "cin", 0 0, v0x64985c936c50_0;  1 drivers
v0x64985c936370_0 .net "clk", 0 0, v0x64985c936d40_0;  1 drivers
v0x64985c936410_0 .net "ina", 3 0, L_0x64985c939770;  1 drivers
v0x64985c9364b0_0 .net "inb", 3 0, L_0x64985c93c4d0;  1 drivers
v0x64985c936580_0 .net "inc", 0 0, L_0x64985c93cee0;  1 drivers
v0x64985c936670_0 .net "incarry_out", 0 0, L_0x64985c943ad0;  1 drivers
v0x64985c9367a0_0 .net "insum", 3 0, L_0x64985c943470;  1 drivers
v0x64985c936840_0 .net "sum", 3 0, L_0x64985c946bc0;  alias, 1 drivers
L_0x64985c9377f0 .part v0x64985c936980_0, 0, 1;
L_0x64985c938230 .part v0x64985c936980_0, 1, 1;
L_0x64985c938c20 .part v0x64985c936980_0, 2, 1;
L_0x64985c939610 .part v0x64985c936980_0, 3, 1;
L_0x64985c939770 .concat8 [ 1 1 1 1], L_0x64985c937780, L_0x64985c9381c0, L_0x64985c938bb0, L_0x64985c9395a0;
L_0x64985c93a600 .part v0x64985c936a60_0, 0, 1;
L_0x64985c93b010 .part v0x64985c936a60_0, 1, 1;
L_0x64985c93b990 .part v0x64985c936a60_0, 2, 1;
L_0x64985c93c3a0 .part v0x64985c936a60_0, 3, 1;
L_0x64985c93c4d0 .concat8 [ 1 1 1 1], L_0x64985c93a590, L_0x64985c93afa0, L_0x64985c93b920, L_0x64985c93c330;
L_0x64985c944520 .part L_0x64985c943470, 0, 1;
L_0x64985c944e50 .part L_0x64985c943470, 1, 1;
L_0x64985c945880 .part L_0x64985c943470, 2, 1;
L_0x64985c946a10 .part L_0x64985c943470, 3, 1;
L_0x64985c946bc0 .concat8 [ 1 1 1 1], L_0x64985c9444b0, L_0x64985c944de0, L_0x64985c945810, L_0x64985c9469a0;
S_0x64985c907b70 .scope module, "c1" "cla" 3 143, 3 44 0, S_0x64985c8ee0f0;
 .timescale -9 -12;
    .port_info 0 /INPUT 4 "A1";
    .port_info 1 /INPUT 4 "B1";
    .port_info 2 /INPUT 1 "Cin";
    .port_info 3 /OUTPUT 4 "Sum_final";
    .port_info 4 /OUTPUT 1 "Cout_final";
L_0x64985c93cf50 .functor XOR 1, L_0x64985c93cfc0, L_0x64985c93d060, C4<0>, C4<0>;
L_0x64985c93d150 .functor AND 1, L_0x64985c93d1c0, L_0x64985c93d340, C4<1>, C4<1>;
L_0x64985c93d470 .functor XOR 1, L_0x64985c93d4e0, L_0x64985c93d580, C4<0>, C4<0>;
L_0x64985c93d670 .functor AND 1, L_0x64985c93d710, L_0x64985c93d800, C4<1>, C4<1>;
L_0x64985c93d940 .functor XOR 1, L_0x64985c93d9b0, L_0x64985c93daa0, C4<0>, C4<0>;
L_0x64985c93dbf0 .functor AND 1, L_0x64985c93dc60, L_0x64985c93dd00, C4<1>, C4<1>;
L_0x64985c93dff0 .functor XOR 1, L_0x64985c93e0b0, L_0x64985c93e220, C4<0>, C4<0>;
L_0x64985c93ddf0 .functor AND 1, L_0x64985c93e5d0, L_0x64985c93e6c0, C4<1>, C4<1>;
L_0x64985c93e850 .functor BUFZ 1, L_0x64985c93cee0, C4<0>, C4<0>, C4<0>;
L_0x64985c93e960 .functor AND 1, L_0x64985c93ea80, L_0x64985c93e850, C4<1>, C4<1>;
L_0x64985c93ec20 .functor OR 1, L_0x64985c93e7b0, L_0x64985c93ed30, C4<0>, C4<0>;
L_0x64985c93ef30 .functor AND 1, L_0x64985c93f010, L_0x64985c93f100, C4<1>, C4<1>;
L_0x64985c93f2c0 .functor AND 1, L_0x64985c93f330, L_0x64985c93f420, L_0x64985c93e850, C4<1>;
L_0x64985c93f5a0 .functor OR 1, L_0x64985c93f730, L_0x64985c93ef30, L_0x64985c93f2c0, C4<0>;
L_0x64985c93efa0 .functor AND 1, L_0x64985c93f820, L_0x64985c93f9b0, C4<1>, C4<1>;
L_0x64985c93faa0 .functor AND 1, L_0x64985c93fba0, L_0x64985c93fd90, L_0x64985c93ff90, C4<1>;
L_0x64985c940190 .functor AND 1, L_0x64985c940260, L_0x64985c940300, L_0x64985c940510, L_0x64985c93e850;
L_0x64985c9403f0 .functor OR 1, L_0x64985c9409b0, L_0x64985c93efa0, L_0x64985c93faa0, L_0x64985c940190;
L_0x64985c940aa0 .functor AND 1, L_0x64985c940b10, L_0x64985c940d40, C4<1>, C4<1>;
L_0x64985c940e30 .functor AND 1, L_0x64985c940910, L_0x64985c941150, L_0x64985c941240, C4<1>;
L_0x64985c941490 .functor AND 1, L_0x64985c941590, L_0x64985c941680, L_0x64985c9418e0, L_0x64985c9419d0;
L_0x64985c941c40/0/0 .functor AND 1, L_0x64985c941da0, L_0x64985c941e90, L_0x64985c942110, L_0x64985c942200;
L_0x64985c941c40/0/4 .functor AND 1, L_0x64985c93e850, C4<1>, C4<1>, C4<1>;
L_0x64985c941c40 .functor AND 1, L_0x64985c941c40/0/0, L_0x64985c941c40/0/4, C4<1>, C4<1>;
L_0x64985c942490/0/0 .functor OR 1, L_0x64985c942640, L_0x64985c940aa0, L_0x64985c940e30, L_0x64985c941490;
L_0x64985c942490/0/4 .functor OR 1, L_0x64985c941c40, C4<0>, C4<0>, C4<0>;
L_0x64985c942490 .functor OR 1, L_0x64985c942490/0/0, L_0x64985c942490/0/4, C4<0>, C4<0>;
L_0x64985c942730 .functor XOR 1, L_0x64985c942870, L_0x64985c93e850, C4<0>, C4<0>;
L_0x64985c942b10 .functor XOR 1, L_0x64985c942b80, L_0x64985c942c70, C4<0>, C4<0>;
L_0x64985c942f70 .functor XOR 1, L_0x64985c9430c0, L_0x64985c9431b0, C4<0>, C4<0>;
L_0x64985c943650 .functor XOR 1, L_0x64985c943710, L_0x64985c9439e0, C4<0>, C4<0>;
L_0x64985c943ad0 .functor BUFZ 1, L_0x64985c942490, C4<0>, C4<0>, C4<0>;
v0x64985c8ccea0_0 .net "A1", 3 0, L_0x64985c939770;  alias, 1 drivers
v0x64985c925950_0 .net "B1", 3 0, L_0x64985c93c4d0;  alias, 1 drivers
v0x64985c925a30_0 .net "C00", 0 0, L_0x64985c93e850;  1 drivers
v0x64985c925ad0_0 .net "Cin", 0 0, L_0x64985c93cee0;  alias, 1 drivers
v0x64985c925b90_0 .net "Cout", 0 0, L_0x64985c942490;  1 drivers
v0x64985c925ca0_0 .net "Cout_final", 0 0, L_0x64985c943ad0;  alias, 1 drivers
v0x64985c925d60_0 .net "Sum_final", 3 0, L_0x64985c943470;  alias, 1 drivers
v0x64985c925e40_0 .net *"_ivl_1", 0 0, L_0x64985c93cf50;  1 drivers
v0x64985c925f20_0 .net *"_ivl_101", 0 0, L_0x64985c940260;  1 drivers
v0x64985c926000_0 .net *"_ivl_103", 0 0, L_0x64985c940300;  1 drivers
v0x64985c9260e0_0 .net *"_ivl_105", 0 0, L_0x64985c940510;  1 drivers
v0x64985c9261c0_0 .net *"_ivl_107", 0 0, L_0x64985c9403f0;  1 drivers
v0x64985c9262a0_0 .net *"_ivl_11", 0 0, L_0x64985c93d1c0;  1 drivers
v0x64985c926380_0 .net *"_ivl_111", 0 0, L_0x64985c9409b0;  1 drivers
v0x64985c926460_0 .net *"_ivl_114", 0 0, L_0x64985c940b10;  1 drivers
v0x64985c926540_0 .net *"_ivl_116", 0 0, L_0x64985c940d40;  1 drivers
v0x64985c926620_0 .net *"_ivl_119", 0 0, L_0x64985c940910;  1 drivers
v0x64985c926700_0 .net *"_ivl_121", 0 0, L_0x64985c941150;  1 drivers
v0x64985c9267e0_0 .net *"_ivl_123", 0 0, L_0x64985c941240;  1 drivers
v0x64985c9268c0_0 .net *"_ivl_126", 0 0, L_0x64985c941590;  1 drivers
v0x64985c9269a0_0 .net *"_ivl_128", 0 0, L_0x64985c941680;  1 drivers
v0x64985c926a80_0 .net *"_ivl_13", 0 0, L_0x64985c93d340;  1 drivers
v0x64985c926b60_0 .net *"_ivl_130", 0 0, L_0x64985c9418e0;  1 drivers
v0x64985c926c40_0 .net *"_ivl_132", 0 0, L_0x64985c9419d0;  1 drivers
v0x64985c926d20_0 .net *"_ivl_135", 0 0, L_0x64985c941da0;  1 drivers
v0x64985c926e00_0 .net *"_ivl_137", 0 0, L_0x64985c941e90;  1 drivers
v0x64985c926ee0_0 .net *"_ivl_139", 0 0, L_0x64985c942110;  1 drivers
v0x64985c926fc0_0 .net *"_ivl_141", 0 0, L_0x64985c942200;  1 drivers
v0x64985c9270a0_0 .net *"_ivl_144", 0 0, L_0x64985c942640;  1 drivers
v0x64985c927180_0 .net *"_ivl_146", 0 0, L_0x64985c942730;  1 drivers
v0x64985c927260_0 .net *"_ivl_149", 0 0, L_0x64985c942870;  1 drivers
v0x64985c927340_0 .net *"_ivl_15", 0 0, L_0x64985c93d470;  1 drivers
v0x64985c927420_0 .net *"_ivl_151", 0 0, L_0x64985c942b10;  1 drivers
v0x64985c927710_0 .net *"_ivl_154", 0 0, L_0x64985c942b80;  1 drivers
v0x64985c9277f0_0 .net *"_ivl_156", 0 0, L_0x64985c942c70;  1 drivers
v0x64985c9278d0_0 .net *"_ivl_158", 0 0, L_0x64985c942f70;  1 drivers
v0x64985c9279b0_0 .net *"_ivl_161", 0 0, L_0x64985c9430c0;  1 drivers
v0x64985c927a90_0 .net *"_ivl_163", 0 0, L_0x64985c9431b0;  1 drivers
v0x64985c927b70_0 .net *"_ivl_165", 0 0, L_0x64985c943650;  1 drivers
v0x64985c927c50_0 .net *"_ivl_169", 0 0, L_0x64985c943710;  1 drivers
v0x64985c927d30_0 .net *"_ivl_171", 0 0, L_0x64985c9439e0;  1 drivers
v0x64985c927e10_0 .net *"_ivl_18", 0 0, L_0x64985c93d4e0;  1 drivers
v0x64985c927ef0_0 .net *"_ivl_20", 0 0, L_0x64985c93d580;  1 drivers
v0x64985c927fd0_0 .net *"_ivl_22", 0 0, L_0x64985c93d670;  1 drivers
v0x64985c9280b0_0 .net *"_ivl_25", 0 0, L_0x64985c93d710;  1 drivers
v0x64985c928190_0 .net *"_ivl_27", 0 0, L_0x64985c93d800;  1 drivers
v0x64985c928270_0 .net *"_ivl_29", 0 0, L_0x64985c93d940;  1 drivers
v0x64985c928350_0 .net *"_ivl_32", 0 0, L_0x64985c93d9b0;  1 drivers
v0x64985c928430_0 .net *"_ivl_34", 0 0, L_0x64985c93daa0;  1 drivers
v0x64985c928510_0 .net *"_ivl_36", 0 0, L_0x64985c93dbf0;  1 drivers
v0x64985c9285f0_0 .net *"_ivl_39", 0 0, L_0x64985c93dc60;  1 drivers
v0x64985c9286d0_0 .net *"_ivl_4", 0 0, L_0x64985c93cfc0;  1 drivers
v0x64985c9287b0_0 .net *"_ivl_41", 0 0, L_0x64985c93dd00;  1 drivers
v0x64985c928890_0 .net *"_ivl_43", 0 0, L_0x64985c93dff0;  1 drivers
v0x64985c928970_0 .net *"_ivl_47", 0 0, L_0x64985c93e0b0;  1 drivers
v0x64985c928a50_0 .net *"_ivl_49", 0 0, L_0x64985c93e220;  1 drivers
v0x64985c928b30_0 .net *"_ivl_51", 0 0, L_0x64985c93ddf0;  1 drivers
v0x64985c928c10_0 .net *"_ivl_55", 0 0, L_0x64985c93e5d0;  1 drivers
v0x64985c928cf0_0 .net *"_ivl_57", 0 0, L_0x64985c93e6c0;  1 drivers
v0x64985c928dd0_0 .net *"_ivl_6", 0 0, L_0x64985c93d060;  1 drivers
v0x64985c928eb0_0 .net *"_ivl_61", 0 0, L_0x64985c93e960;  1 drivers
v0x64985c928f90_0 .net *"_ivl_64", 0 0, L_0x64985c93ea80;  1 drivers
v0x64985c929070_0 .net *"_ivl_66", 0 0, L_0x64985c93ec20;  1 drivers
v0x64985c929150_0 .net *"_ivl_69", 0 0, L_0x64985c93e7b0;  1 drivers
v0x64985c929230_0 .net *"_ivl_71", 0 0, L_0x64985c93ed30;  1 drivers
v0x64985c929720_0 .net *"_ivl_74", 0 0, L_0x64985c93f010;  1 drivers
v0x64985c929800_0 .net *"_ivl_76", 0 0, L_0x64985c93f100;  1 drivers
v0x64985c9298e0_0 .net *"_ivl_79", 0 0, L_0x64985c93f330;  1 drivers
v0x64985c9299c0_0 .net *"_ivl_8", 0 0, L_0x64985c93d150;  1 drivers
v0x64985c929aa0_0 .net *"_ivl_81", 0 0, L_0x64985c93f420;  1 drivers
v0x64985c929b80_0 .net *"_ivl_83", 0 0, L_0x64985c93f5a0;  1 drivers
v0x64985c929c60_0 .net *"_ivl_86", 0 0, L_0x64985c93f730;  1 drivers
v0x64985c929d40_0 .net *"_ivl_89", 0 0, L_0x64985c93f820;  1 drivers
v0x64985c929e20_0 .net *"_ivl_91", 0 0, L_0x64985c93f9b0;  1 drivers
v0x64985c929f00_0 .net *"_ivl_94", 0 0, L_0x64985c93fba0;  1 drivers
v0x64985c929fe0_0 .net *"_ivl_96", 0 0, L_0x64985c93fd90;  1 drivers
v0x64985c92a0c0_0 .net *"_ivl_98", 0 0, L_0x64985c93ff90;  1 drivers
v0x64985c92a1a0_0 .net "c", 3 1, L_0x64985c940600;  1 drivers
v0x64985c92a280_0 .net "dum", 2 0, L_0x64985c93e8c0;  1 drivers
v0x64985c92a360_0 .net "g", 3 0, L_0x64985c93e310;  1 drivers
v0x64985c92a440_0 .net "p", 3 0, L_0x64985c93de60;  1 drivers
v0x64985c92a520_0 .net "temp1", 0 0, L_0x64985c93ef30;  1 drivers
v0x64985c92a5e0_0 .net "temp2", 0 0, L_0x64985c93f2c0;  1 drivers
v0x64985c92a6a0_0 .net "temp3", 0 0, L_0x64985c93efa0;  1 drivers
v0x64985c92a760_0 .net "temp4", 0 0, L_0x64985c93faa0;  1 drivers
v0x64985c92a820_0 .net "temp5", 0 0, L_0x64985c940190;  1 drivers
v0x64985c92a8e0_0 .net "temp6", 0 0, L_0x64985c940aa0;  1 drivers
v0x64985c92a9a0_0 .net "temp7", 0 0, L_0x64985c940e30;  1 drivers
v0x64985c92aa60_0 .net "temp8", 0 0, L_0x64985c941490;  1 drivers
v0x64985c92ab20_0 .net "temp9", 0 0, L_0x64985c941c40;  1 drivers
L_0x64985c93cfc0 .part L_0x64985c939770, 0, 1;
L_0x64985c93d060 .part L_0x64985c93c4d0, 0, 1;
L_0x64985c93d1c0 .part L_0x64985c939770, 0, 1;
L_0x64985c93d340 .part L_0x64985c93c4d0, 0, 1;
L_0x64985c93d4e0 .part L_0x64985c939770, 1, 1;
L_0x64985c93d580 .part L_0x64985c93c4d0, 1, 1;
L_0x64985c93d710 .part L_0x64985c939770, 1, 1;
L_0x64985c93d800 .part L_0x64985c93c4d0, 1, 1;
L_0x64985c93d9b0 .part L_0x64985c939770, 2, 1;
L_0x64985c93daa0 .part L_0x64985c93c4d0, 2, 1;
L_0x64985c93dc60 .part L_0x64985c939770, 2, 1;
L_0x64985c93dd00 .part L_0x64985c93c4d0, 2, 1;
L_0x64985c93de60 .concat8 [ 1 1 1 1], L_0x64985c93cf50, L_0x64985c93d470, L_0x64985c93d940, L_0x64985c93dff0;
L_0x64985c93e0b0 .part L_0x64985c939770, 3, 1;
L_0x64985c93e220 .part L_0x64985c93c4d0, 3, 1;
L_0x64985c93e310 .concat8 [ 1 1 1 1], L_0x64985c93d150, L_0x64985c93d670, L_0x64985c93dbf0, L_0x64985c93ddf0;
L_0x64985c93e5d0 .part L_0x64985c939770, 3, 1;
L_0x64985c93e6c0 .part L_0x64985c93c4d0, 3, 1;
L_0x64985c93e8c0 .part/pv L_0x64985c93e960, 0, 1, 3;
L_0x64985c93ea80 .part L_0x64985c93de60, 0, 1;
L_0x64985c93e7b0 .part L_0x64985c93e310, 0, 1;
L_0x64985c93ed30 .part L_0x64985c93e8c0, 0, 1;
L_0x64985c93f010 .part L_0x64985c93de60, 1, 1;
L_0x64985c93f100 .part L_0x64985c93e310, 0, 1;
L_0x64985c93f330 .part L_0x64985c93de60, 1, 1;
L_0x64985c93f420 .part L_0x64985c93de60, 0, 1;
L_0x64985c93f730 .part L_0x64985c93e310, 1, 1;
L_0x64985c93f820 .part L_0x64985c93de60, 2, 1;
L_0x64985c93f9b0 .part L_0x64985c93e310, 1, 1;
L_0x64985c93fba0 .part L_0x64985c93de60, 2, 1;
L_0x64985c93fd90 .part L_0x64985c93de60, 1, 1;
L_0x64985c93ff90 .part L_0x64985c93e310, 0, 1;
L_0x64985c940260 .part L_0x64985c93de60, 2, 1;
L_0x64985c940300 .part L_0x64985c93de60, 1, 1;
L_0x64985c940510 .part L_0x64985c93de60, 0, 1;
L_0x64985c940600 .concat8 [ 1 1 1 0], L_0x64985c93ec20, L_0x64985c93f5a0, L_0x64985c9403f0;
L_0x64985c9409b0 .part L_0x64985c93e310, 2, 1;
L_0x64985c940b10 .part L_0x64985c93de60, 3, 1;
L_0x64985c940d40 .part L_0x64985c93e310, 2, 1;
L_0x64985c940910 .part L_0x64985c93de60, 3, 1;
L_0x64985c941150 .part L_0x64985c93de60, 2, 1;
L_0x64985c941240 .part L_0x64985c93e310, 1, 1;
L_0x64985c941590 .part L_0x64985c93de60, 3, 1;
L_0x64985c941680 .part L_0x64985c93de60, 2, 1;
L_0x64985c9418e0 .part L_0x64985c93de60, 1, 1;
L_0x64985c9419d0 .part L_0x64985c93e310, 0, 1;
L_0x64985c941da0 .part L_0x64985c93de60, 3, 1;
L_0x64985c941e90 .part L_0x64985c93de60, 2, 1;
L_0x64985c942110 .part L_0x64985c93de60, 1, 1;
L_0x64985c942200 .part L_0x64985c93de60, 0, 1;
L_0x64985c942640 .part L_0x64985c93e310, 3, 1;
L_0x64985c942870 .part L_0x64985c93de60, 0, 1;
L_0x64985c942b80 .part L_0x64985c93de60, 1, 1;
L_0x64985c942c70 .part L_0x64985c940600, 0, 1;
L_0x64985c9430c0 .part L_0x64985c93de60, 2, 1;
L_0x64985c9431b0 .part L_0x64985c940600, 1, 1;
L_0x64985c943470 .concat8 [ 1 1 1 1], L_0x64985c942730, L_0x64985c942b10, L_0x64985c942f70, L_0x64985c943650;
L_0x64985c943710 .part L_0x64985c93de60, 3, 1;
L_0x64985c9439e0 .part L_0x64985c940600, 2, 1;
S_0x64985c92ac80 .scope module, "da0" "Dff_new" 3 131, 3 16 0, S_0x64985c8ee0f0;
 .timescale -9 -12;
    .port_info 0 /INPUT 1 "D";
    .port_info 1 /INPUT 1 "clk";
    .port_info 2 /OUTPUT 1 "Q";
L_0x64985c909910 .functor NAND 1, v0x64985c936d40_0, v0x64985c936d40_0, C4<1>, C4<1>;
L_0x64985c936ed0 .functor NAND 1, L_0x64985c9377f0, L_0x64985c9377f0, C4<1>, C4<1>;
L_0x64985c936fc0 .functor NAND 1, L_0x64985c9377f0, L_0x64985c909910, C4<1>, C4<1>;
L_0x64985c937080 .functor NAND 1, L_0x64985c936ed0, L_0x64985c909910, C4<1>, C4<1>;
L_0x64985c937170 .functor NAND 1, L_0x64985c936fc0, L_0x64985c937230, C4<1>, C4<1>;
L_0x64985c937230 .functor NAND 1, L_0x64985c937080, L_0x64985c937170, C4<1>, C4<1>;
L_0x64985c9373d0 .functor NAND 1, L_0x64985c937170, v0x64985c936d40_0, C4<1>, C4<1>;
L_0x64985c937440 .functor NAND 1, L_0x64985c937230, v0x64985c936d40_0, C4<1>, C4<1>;
L_0x64985c937500 .functor NAND 1, L_0x64985c9373d0, L_0x64985c9375c0, C4<1>, C4<1>;
L_0x64985c9375c0 .functor NAND 1, L_0x64985c937440, L_0x64985c937500, C4<1>, C4<1>;
L_0x64985c937780 .functor BUFZ 1, L_0x64985c937500, C4<0>, C4<0>, C4<0>;
v0x64985c92ae80_0 .net "D", 0 0, L_0x64985c9377f0;  1 drivers
v0x64985c92af60_0 .net "D_inv", 0 0, L_0x64985c936ed0;  1 drivers
v0x64985c92b020_0 .net "Q", 0 0, L_0x64985c937780;  1 drivers
v0x64985c92b0c0_0 .net "clk", 0 0, v0x64985c936d40_0;  alias, 1 drivers
v0x64985c92b180_0 .net "clk_inv", 0 0, L_0x64985c909910;  1 drivers
v0x64985c92b290_0 .net "master_Q", 0 0, L_0x64985c937170;  1 drivers
v0x64985c92b350_0 .net "master_Qb", 0 0, L_0x64985c937230;  1 drivers
v0x64985c92b410_0 .net "master_w1", 0 0, L_0x64985c936fc0;  1 drivers
v0x64985c92b4d0_0 .net "master_w2", 0 0, L_0x64985c937080;  1 drivers
v0x64985c92b590_0 .net "slave_Q", 0 0, L_0x64985c937500;  1 drivers
v0x64985c92b650_0 .net "slave_Qb", 0 0, L_0x64985c9375c0;  1 drivers
v0x64985c92b710_0 .net "slave_w1", 0 0, L_0x64985c9373d0;  1 drivers
v0x64985c92b7d0_0 .net "slave_w2", 0 0, L_0x64985c937440;  1 drivers
S_0x64985c92b910 .scope module, "da1" "Dff_new" 3 132, 3 16 0, S_0x64985c8ee0f0;
 .timescale -9 -12;
    .port_info 0 /INPUT 1 "D";
    .port_info 1 /INPUT 1 "clk";
    .port_info 2 /OUTPUT 1 "Q";
L_0x64985c937920 .functor NAND 1, v0x64985c936d40_0, v0x64985c936d40_0, C4<1>, C4<1>;
L_0x64985c937990 .functor NAND 1, L_0x64985c938230, L_0x64985c938230, C4<1>, C4<1>;
L_0x64985c937a00 .functor NAND 1, L_0x64985c938230, L_0x64985c937920, C4<1>, C4<1>;
L_0x64985c937ac0 .functor NAND 1, L_0x64985c937990, L_0x64985c937920, C4<1>, C4<1>;
L_0x64985c937bb0 .functor NAND 1, L_0x64985c937a00, L_0x64985c937c70, C4<1>, C4<1>;
L_0x64985c937c70 .functor NAND 1, L_0x64985c937ac0, L_0x64985c937bb0, C4<1>, C4<1>;
L_0x64985c937e10 .functor NAND 1, L_0x64985c937bb0, v0x64985c936d40_0, C4<1>, C4<1>;
L_0x64985c937e80 .functor NAND 1, L_0x64985c937c70, v0x64985c936d40_0, C4<1>, C4<1>;
L_0x64985c937f40 .functor NAND 1, L_0x64985c937e10, L_0x64985c938000, C4<1>, C4<1>;
L_0x64985c938000 .functor NAND 1, L_0x64985c937e80, L_0x64985c937f40, C4<1>, C4<1>;
L_0x64985c9381c0 .functor BUFZ 1, L_0x64985c937f40, C4<0>, C4<0>, C4<0>;
v0x64985c92baf0_0 .net "D", 0 0, L_0x64985c938230;  1 drivers
v0x64985c92bbb0_0 .net "D_inv", 0 0, L_0x64985c937990;  1 drivers
v0x64985c92bc70_0 .net "Q", 0 0, L_0x64985c9381c0;  1 drivers
v0x64985c92bd10_0 .net "clk", 0 0, v0x64985c936d40_0;  alias, 1 drivers
v0x64985c92bdb0_0 .net "clk_inv", 0 0, L_0x64985c937920;  1 drivers
v0x64985c92bea0_0 .net "master_Q", 0 0, L_0x64985c937bb0;  1 drivers
v0x64985c92bf60_0 .net "master_Qb", 0 0, L_0x64985c937c70;  1 drivers
v0x64985c92c020_0 .net "master_w1", 0 0, L_0x64985c937a00;  1 drivers
v0x64985c92c0e0_0 .net "master_w2", 0 0, L_0x64985c937ac0;  1 drivers
v0x64985c92c230_0 .net "slave_Q", 0 0, L_0x64985c937f40;  1 drivers
v0x64985c92c2f0_0 .net "slave_Qb", 0 0, L_0x64985c938000;  1 drivers
v0x64985c92c3b0_0 .net "slave_w1", 0 0, L_0x64985c937e10;  1 drivers
v0x64985c92c470_0 .net "slave_w2", 0 0, L_0x64985c937e80;  1 drivers
S_0x64985c92c5b0 .scope module, "da2" "Dff_new" 3 133, 3 16 0, S_0x64985c8ee0f0;
 .timescale -9 -12;
    .port_info 0 /INPUT 1 "D";
    .port_info 1 /INPUT 1 "clk";
    .port_info 2 /OUTPUT 1 "Q";
L_0x64985c938360 .functor NAND 1, v0x64985c936d40_0, v0x64985c936d40_0, C4<1>, C4<1>;
L_0x64985c9383d0 .functor NAND 1, L_0x64985c938c20, L_0x64985c938c20, C4<1>, C4<1>;
L_0x64985c938440 .functor NAND 1, L_0x64985c938c20, L_0x64985c938360, C4<1>, C4<1>;
L_0x64985c9384b0 .functor NAND 1, L_0x64985c9383d0, L_0x64985c938360, C4<1>, C4<1>;
L_0x64985c9385a0 .functor NAND 1, L_0x64985c938440, L_0x64985c938660, C4<1>, C4<1>;
L_0x64985c938660 .functor NAND 1, L_0x64985c9384b0, L_0x64985c9385a0, C4<1>, C4<1>;
L_0x64985c938800 .functor NAND 1, L_0x64985c9385a0, v0x64985c936d40_0, C4<1>, C4<1>;
L_0x64985c938870 .functor NAND 1, L_0x64985c938660, v0x64985c936d40_0, C4<1>, C4<1>;
L_0x64985c938930 .functor NAND 1, L_0x64985c938800, L_0x64985c9389f0, C4<1>, C4<1>;
L_0x64985c9389f0 .functor NAND 1, L_0x64985c938870, L_0x64985c938930, C4<1>, C4<1>;
L_0x64985c938bb0 .functor BUFZ 1, L_0x64985c938930, C4<0>, C4<0>, C4<0>;
v0x64985c92c790_0 .net "D", 0 0, L_0x64985c938c20;  1 drivers
v0x64985c92c870_0 .net "D_inv", 0 0, L_0x64985c9383d0;  1 drivers
v0x64985c92c930_0 .net "Q", 0 0, L_0x64985c938bb0;  1 drivers
v0x64985c92c9d0_0 .net "clk", 0 0, v0x64985c936d40_0;  alias, 1 drivers
v0x64985c92cac0_0 .net "clk_inv", 0 0, L_0x64985c938360;  1 drivers
v0x64985c92cbd0_0 .net "master_Q", 0 0, L_0x64985c9385a0;  1 drivers
v0x64985c92cc90_0 .net "master_Qb", 0 0, L_0x64985c938660;  1 drivers
v0x64985c92cd50_0 .net "master_w1", 0 0, L_0x64985c938440;  1 drivers
v0x64985c92ce10_0 .net "master_w2", 0 0, L_0x64985c9384b0;  1 drivers
v0x64985c92cf60_0 .net "slave_Q", 0 0, L_0x64985c938930;  1 drivers
v0x64985c92d020_0 .net "slave_Qb", 0 0, L_0x64985c9389f0;  1 drivers
v0x64985c92d0e0_0 .net "slave_w1", 0 0, L_0x64985c938800;  1 drivers
v0x64985c92d1a0_0 .net "slave_w2", 0 0, L_0x64985c938870;  1 drivers
S_0x64985c92d2e0 .scope module, "da3" "Dff_new" 3 134, 3 16 0, S_0x64985c8ee0f0;
 .timescale -9 -12;
    .port_info 0 /INPUT 1 "D";
    .port_info 1 /INPUT 1 "clk";
    .port_info 2 /OUTPUT 1 "Q";
L_0x64985c938de0 .functor NAND 1, v0x64985c936d40_0, v0x64985c936d40_0, C4<1>, C4<1>;
L_0x64985c938e50 .functor NAND 1, L_0x64985c939610, L_0x64985c939610, C4<1>, C4<1>;
L_0x64985c938ec0 .functor NAND 1, L_0x64985c939610, L_0x64985c938de0, C4<1>, C4<1>;
L_0x64985c938f30 .functor NAND 1, L_0x64985c938e50, L_0x64985c938de0, C4<1>, C4<1>;
L_0x64985c938fd0 .functor NAND 1, L_0x64985c938ec0, L_0x64985c939090, C4<1>, C4<1>;
L_0x64985c939090 .functor NAND 1, L_0x64985c938f30, L_0x64985c938fd0, C4<1>, C4<1>;
L_0x64985c9391f0 .functor NAND 1, L_0x64985c938fd0, v0x64985c936d40_0, C4<1>, C4<1>;
L_0x64985c939260 .functor NAND 1, L_0x64985c939090, v0x64985c936d40_0, C4<1>, C4<1>;
L_0x64985c939320 .functor NAND 1, L_0x64985c9391f0, L_0x64985c9393e0, C4<1>, C4<1>;
L_0x64985c9393e0 .functor NAND 1, L_0x64985c939260, L_0x64985c939320, C4<1>, C4<1>;
L_0x64985c9395a0 .functor BUFZ 1, L_0x64985c939320, C4<0>, C4<0>, C4<0>;
v0x64985c92d510_0 .net "D", 0 0, L_0x64985c939610;  1 drivers
v0x64985c92d5f0_0 .net "D_inv", 0 0, L_0x64985c938e50;  1 drivers
v0x64985c92d6b0_0 .net "Q", 0 0, L_0x64985c9395a0;  1 drivers
v0x64985c92d750_0 .net "clk", 0 0, v0x64985c936d40_0;  alias, 1 drivers
v0x64985c92d7f0_0 .net "clk_inv", 0 0, L_0x64985c938de0;  1 drivers
v0x64985c92d900_0 .net "master_Q", 0 0, L_0x64985c938fd0;  1 drivers
v0x64985c92d9c0_0 .net "master_Qb", 0 0, L_0x64985c939090;  1 drivers
v0x64985c92da80_0 .net "master_w1", 0 0, L_0x64985c938ec0;  1 drivers
v0x64985c92db40_0 .net "master_w2", 0 0, L_0x64985c938f30;  1 drivers
v0x64985c92dc90_0 .net "slave_Q", 0 0, L_0x64985c939320;  1 drivers
v0x64985c92dd50_0 .net "slave_Qb", 0 0, L_0x64985c9393e0;  1 drivers
v0x64985c92de10_0 .net "slave_w1", 0 0, L_0x64985c9391f0;  1 drivers
v0x64985c92ded0_0 .net "slave_w2", 0 0, L_0x64985c939260;  1 drivers
S_0x64985c92e010 .scope module, "db0" "Dff_new" 3 136, 3 16 0, S_0x64985c8ee0f0;
 .timescale -9 -12;
    .port_info 0 /INPUT 1 "D";
    .port_info 1 /INPUT 1 "clk";
    .port_info 2 /OUTPUT 1 "Q";
L_0x64985c939900 .functor NAND 1, v0x64985c936d40_0, v0x64985c936d40_0, C4<1>, C4<1>;
L_0x64985c939d80 .functor NAND 1, L_0x64985c93a600, L_0x64985c93a600, C4<1>, C4<1>;
L_0x64985c939e40 .functor NAND 1, L_0x64985c93a600, L_0x64985c939900, C4<1>, C4<1>;
L_0x64985c939f00 .functor NAND 1, L_0x64985c939d80, L_0x64985c939900, C4<1>, C4<1>;
L_0x64985c939fc0 .functor NAND 1, L_0x64985c939e40, L_0x64985c93a080, C4<1>, C4<1>;
L_0x64985c93a080 .functor NAND 1, L_0x64985c939f00, L_0x64985c939fc0, C4<1>, C4<1>;
L_0x64985c93a1e0 .functor NAND 1, L_0x64985c939fc0, v0x64985c936d40_0, C4<1>, C4<1>;
L_0x64985c93a250 .functor NAND 1, L_0x64985c93a080, v0x64985c936d40_0, C4<1>, C4<1>;
L_0x64985c93a310 .functor NAND 1, L_0x64985c93a1e0, L_0x64985c93a3d0, C4<1>, C4<1>;
L_0x64985c93a3d0 .functor NAND 1, L_0x64985c93a250, L_0x64985c93a310, C4<1>, C4<1>;
L_0x64985c93a590 .functor BUFZ 1, L_0x64985c93a310, C4<0>, C4<0>, C4<0>;
v0x64985c92e1f0_0 .net "D", 0 0, L_0x64985c93a600;  1 drivers
v0x64985c92e2d0_0 .net "D_inv", 0 0, L_0x64985c939d80;  1 drivers
v0x64985c92e390_0 .net "Q", 0 0, L_0x64985c93a590;  1 drivers
v0x64985c92e430_0 .net "clk", 0 0, v0x64985c936d40_0;  alias, 1 drivers
v0x64985c92e560_0 .net "clk_inv", 0 0, L_0x64985c939900;  1 drivers
v0x64985c92e620_0 .net "master_Q", 0 0, L_0x64985c939fc0;  1 drivers
v0x64985c92e6e0_0 .net "master_Qb", 0 0, L_0x64985c93a080;  1 drivers
v0x64985c92e7a0_0 .net "master_w1", 0 0, L_0x64985c939e40;  1 drivers
v0x64985c92e860_0 .net "master_w2", 0 0, L_0x64985c939f00;  1 drivers
v0x64985c92e9b0_0 .net "slave_Q", 0 0, L_0x64985c93a310;  1 drivers
v0x64985c92ea70_0 .net "slave_Qb", 0 0, L_0x64985c93a3d0;  1 drivers
v0x64985c92eb30_0 .net "slave_w1", 0 0, L_0x64985c93a1e0;  1 drivers
v0x64985c92ebf0_0 .net "slave_w2", 0 0, L_0x64985c93a250;  1 drivers
S_0x64985c92ed30 .scope module, "db1" "Dff_new" 3 137, 3 16 0, S_0x64985c8ee0f0;
 .timescale -9 -12;
    .port_info 0 /INPUT 1 "D";
    .port_info 1 /INPUT 1 "clk";
    .port_info 2 /OUTPUT 1 "Q";
L_0x64985c93a730 .functor NAND 1, v0x64985c936d40_0, v0x64985c936d40_0, C4<1>, C4<1>;
L_0x64985c93a7a0 .functor NAND 1, L_0x64985c93b010, L_0x64985c93b010, C4<1>, C4<1>;
L_0x64985c93a810 .functor NAND 1, L_0x64985c93b010, L_0x64985c93a730, C4<1>, C4<1>;
L_0x64985c93a8d0 .functor NAND 1, L_0x64985c93a7a0, L_0x64985c93a730, C4<1>, C4<1>;
L_0x64985c93a990 .functor NAND 1, L_0x64985c93a810, L_0x64985c93aa50, C4<1>, C4<1>;
L_0x64985c93aa50 .functor NAND 1, L_0x64985c93a8d0, L_0x64985c93a990, C4<1>, C4<1>;
L_0x64985c93abf0 .functor NAND 1, L_0x64985c93a990, v0x64985c936d40_0, C4<1>, C4<1>;
L_0x64985c93ac60 .functor NAND 1, L_0x64985c93aa50, v0x64985c936d40_0, C4<1>, C4<1>;
L_0x64985c93ad20 .functor NAND 1, L_0x64985c93abf0, L_0x64985c93ade0, C4<1>, C4<1>;
L_0x64985c93ade0 .functor NAND 1, L_0x64985c93ac60, L_0x64985c93ad20, C4<1>, C4<1>;
L_0x64985c93afa0 .functor BUFZ 1, L_0x64985c93ad20, C4<0>, C4<0>, C4<0>;
v0x64985c92ef10_0 .net "D", 0 0, L_0x64985c93b010;  1 drivers
v0x64985c92eff0_0 .net "D_inv", 0 0, L_0x64985c93a7a0;  1 drivers
v0x64985c92f0b0_0 .net "Q", 0 0, L_0x64985c93afa0;  1 drivers
v0x64985c92f150_0 .net "clk", 0 0, v0x64985c936d40_0;  alias, 1 drivers
v0x64985c92f1f0_0 .net "clk_inv", 0 0, L_0x64985c93a730;  1 drivers
v0x64985c92f300_0 .net "master_Q", 0 0, L_0x64985c93a990;  1 drivers
v0x64985c92f3c0_0 .net "master_Qb", 0 0, L_0x64985c93aa50;  1 drivers
v0x64985c92f480_0 .net "master_w1", 0 0, L_0x64985c93a810;  1 drivers
v0x64985c92f540_0 .net "master_w2", 0 0, L_0x64985c93a8d0;  1 drivers
v0x64985c92f690_0 .net "slave_Q", 0 0, L_0x64985c93ad20;  1 drivers
v0x64985c92f750_0 .net "slave_Qb", 0 0, L_0x64985c93ade0;  1 drivers
v0x64985c92f810_0 .net "slave_w1", 0 0, L_0x64985c93abf0;  1 drivers
v0x64985c92f8d0_0 .net "slave_w2", 0 0, L_0x64985c93ac60;  1 drivers
S_0x64985c92fa10 .scope module, "db2" "Dff_new" 3 138, 3 16 0, S_0x64985c8ee0f0;
 .timescale -9 -12;
    .port_info 0 /INPUT 1 "D";
    .port_info 1 /INPUT 1 "clk";
    .port_info 2 /OUTPUT 1 "Q";
L_0x64985c93b140 .functor NAND 1, v0x64985c936d40_0, v0x64985c936d40_0, C4<1>, C4<1>;
L_0x64985c93b1b0 .functor NAND 1, L_0x64985c93b990, L_0x64985c93b990, C4<1>, C4<1>;
L_0x64985c93b220 .functor NAND 1, L_0x64985c93b990, L_0x64985c93b140, C4<1>, C4<1>;
L_0x64985c93b290 .functor NAND 1, L_0x64985c93b1b0, L_0x64985c93b140, C4<1>, C4<1>;
L_0x64985c93b350 .functor NAND 1, L_0x64985c93b220, L_0x64985c93b410, C4<1>, C4<1>;
L_0x64985c93b410 .functor NAND 1, L_0x64985c93b290, L_0x64985c93b350, C4<1>, C4<1>;
L_0x64985c93b570 .functor NAND 1, L_0x64985c93b350, v0x64985c936d40_0, C4<1>, C4<1>;
L_0x64985c93b5e0 .functor NAND 1, L_0x64985c93b410, v0x64985c936d40_0, C4<1>, C4<1>;
L_0x64985c93b6a0 .functor NAND 1, L_0x64985c93b570, L_0x64985c93b760, C4<1>, C4<1>;
L_0x64985c93b760 .functor NAND 1, L_0x64985c93b5e0, L_0x64985c93b6a0, C4<1>, C4<1>;
L_0x64985c93b920 .functor BUFZ 1, L_0x64985c93b6a0, C4<0>, C4<0>, C4<0>;
v0x64985c92fbf0_0 .net "D", 0 0, L_0x64985c93b990;  1 drivers
v0x64985c92fcd0_0 .net "D_inv", 0 0, L_0x64985c93b1b0;  1 drivers
v0x64985c92fd90_0 .net "Q", 0 0, L_0x64985c93b920;  1 drivers
v0x64985c92fe30_0 .net "clk", 0 0, v0x64985c936d40_0;  alias, 1 drivers
v0x64985c92fed0_0 .net "clk_inv", 0 0, L_0x64985c93b140;  1 drivers
v0x64985c92ffe0_0 .net "master_Q", 0 0, L_0x64985c93b350;  1 drivers
v0x64985c9300a0_0 .net "master_Qb", 0 0, L_0x64985c93b410;  1 drivers
v0x64985c930160_0 .net "master_w1", 0 0, L_0x64985c93b220;  1 drivers
v0x64985c930220_0 .net "master_w2", 0 0, L_0x64985c93b290;  1 drivers
v0x64985c930370_0 .net "slave_Q", 0 0, L_0x64985c93b6a0;  1 drivers
v0x64985c930430_0 .net "slave_Qb", 0 0, L_0x64985c93b760;  1 drivers
v0x64985c9304f0_0 .net "slave_w1", 0 0, L_0x64985c93b570;  1 drivers
v0x64985c9305b0_0 .net "slave_w2", 0 0, L_0x64985c93b5e0;  1 drivers
S_0x64985c9306f0 .scope module, "db3" "Dff_new" 3 139, 3 16 0, S_0x64985c8ee0f0;
 .timescale -9 -12;
    .port_info 0 /INPUT 1 "D";
    .port_info 1 /INPUT 1 "clk";
    .port_info 2 /OUTPUT 1 "Q";
L_0x64985c93bba0 .functor NAND 1, v0x64985c936d40_0, v0x64985c936d40_0, C4<1>, C4<1>;
L_0x64985c93bc10 .functor NAND 1, L_0x64985c93c3a0, L_0x64985c93c3a0, C4<1>, C4<1>;
L_0x64985c93bc80 .functor NAND 1, L_0x64985c93c3a0, L_0x64985c93bba0, C4<1>, C4<1>;
L_0x64985c93bcf0 .functor NAND 1, L_0x64985c93bc10, L_0x64985c93bba0, C4<1>, C4<1>;
L_0x64985c93bd60 .functor NAND 1, L_0x64985c93bc80, L_0x64985c93be20, C4<1>, C4<1>;
L_0x64985c93be20 .functor NAND 1, L_0x64985c93bcf0, L_0x64985c93bd60, C4<1>, C4<1>;
L_0x64985c93bf80 .functor NAND 1, L_0x64985c93bd60, v0x64985c936d40_0, C4<1>, C4<1>;
L_0x64985c93bff0 .functor NAND 1, L_0x64985c93be20, v0x64985c936d40_0, C4<1>, C4<1>;
L_0x64985c93c0b0 .functor NAND 1, L_0x64985c93bf80, L_0x64985c93c170, C4<1>, C4<1>;
L_0x64985c93c170 .functor NAND 1, L_0x64985c93bff0, L_0x64985c93c0b0, C4<1>, C4<1>;
L_0x64985c93c330 .functor BUFZ 1, L_0x64985c93c0b0, C4<0>, C4<0>, C4<0>;
v0x64985c930910_0 .net "D", 0 0, L_0x64985c93c3a0;  1 drivers
v0x64985c9309f0_0 .net "D_inv", 0 0, L_0x64985c93bc10;  1 drivers
v0x64985c930ab0_0 .net "Q", 0 0, L_0x64985c93c330;  1 drivers
v0x64985c930b50_0 .net "clk", 0 0, v0x64985c936d40_0;  alias, 1 drivers
v0x64985c930bf0_0 .net "clk_inv", 0 0, L_0x64985c93bba0;  1 drivers
v0x64985c930d00_0 .net "master_Q", 0 0, L_0x64985c93bd60;  1 drivers
v0x64985c930dc0_0 .net "master_Qb", 0 0, L_0x64985c93be20;  1 drivers
v0x64985c930e80_0 .net "master_w1", 0 0, L_0x64985c93bc80;  1 drivers
v0x64985c930f40_0 .net "master_w2", 0 0, L_0x64985c93bcf0;  1 drivers
v0x64985c931090_0 .net "slave_Q", 0 0, L_0x64985c93c0b0;  1 drivers
v0x64985c931150_0 .net "slave_Qb", 0 0, L_0x64985c93c170;  1 drivers
v0x64985c931210_0 .net "slave_w1", 0 0, L_0x64985c93bf80;  1 drivers
v0x64985c9312d0_0 .net "slave_w2", 0 0, L_0x64985c93bff0;  1 drivers
S_0x64985c931410 .scope module, "dcarry_out" "Dff_new" 3 156, 3 16 0, S_0x64985c8ee0f0;
 .timescale -9 -12;
    .port_info 0 /INPUT 1 "D";
    .port_info 1 /INPUT 1 "clk";
    .port_info 2 /OUTPUT 1 "Q";
L_0x64985c945010 .functor NAND 1, v0x64985c936d40_0, v0x64985c936d40_0, C4<1>, C4<1>;
L_0x64985c946d50 .functor NAND 1, L_0x64985c943ad0, L_0x64985c943ad0, C4<1>, C4<1>;
L_0x64985c946e50 .functor NAND 1, L_0x64985c943ad0, L_0x64985c945010, C4<1>, C4<1>;
L_0x64985c946ec0 .functor NAND 1, L_0x64985c946d50, L_0x64985c945010, C4<1>, C4<1>;
L_0x64985c946f80 .functor NAND 1, L_0x64985c946e50, L_0x64985c947040, C4<1>, C4<1>;
L_0x64985c947040 .functor NAND 1, L_0x64985c946ec0, L_0x64985c946f80, C4<1>, C4<1>;
L_0x64985c9471a0 .functor NAND 1, L_0x64985c946f80, v0x64985c936d40_0, C4<1>, C4<1>;
L_0x64985c947210 .functor NAND 1, L_0x64985c947040, v0x64985c936d40_0, C4<1>, C4<1>;
L_0x64985c9472d0 .functor NAND 1, L_0x64985c9471a0, L_0x64985c947390, C4<1>, C4<1>;
L_0x64985c947390 .functor NAND 1, L_0x64985c947210, L_0x64985c9472d0, C4<1>, C4<1>;
L_0x64985c947550 .functor BUFZ 1, L_0x64985c9472d0, C4<0>, C4<0>, C4<0>;
v0x64985c9315f0_0 .net "D", 0 0, L_0x64985c943ad0;  alias, 1 drivers
v0x64985c9316b0_0 .net "D_inv", 0 0, L_0x64985c946d50;  1 drivers
v0x64985c931750_0 .net "Q", 0 0, L_0x64985c947550;  alias, 1 drivers
v0x64985c9317f0_0 .net "clk", 0 0, v0x64985c936d40_0;  alias, 1 drivers
v0x64985c931890_0 .net "clk_inv", 0 0, L_0x64985c945010;  1 drivers
v0x64985c9319a0_0 .net "master_Q", 0 0, L_0x64985c946f80;  1 drivers
v0x64985c931a60_0 .net "master_Qb", 0 0, L_0x64985c947040;  1 drivers
v0x64985c931b20_0 .net "master_w1", 0 0, L_0x64985c946e50;  1 drivers
v0x64985c931be0_0 .net "master_w2", 0 0, L_0x64985c946ec0;  1 drivers
v0x64985c931ca0_0 .net "slave_Q", 0 0, L_0x64985c9472d0;  1 drivers
v0x64985c931d60_0 .net "slave_Qb", 0 0, L_0x64985c947390;  1 drivers
v0x64985c931e20_0 .net "slave_w1", 0 0, L_0x64985c9471a0;  1 drivers
v0x64985c931ee0_0 .net "slave_w2", 0 0, L_0x64985c947210;  1 drivers
S_0x64985c932020 .scope module, "dcin" "Dff_new" 3 141, 3 16 0, S_0x64985c8ee0f0;
 .timescale -9 -12;
    .port_info 0 /INPUT 1 "D";
    .port_info 1 /INPUT 1 "clk";
    .port_info 2 /OUTPUT 1 "Q";
L_0x64985c93c6c0 .functor NAND 1, v0x64985c936d40_0, v0x64985c936d40_0, C4<1>, C4<1>;
L_0x64985c93c730 .functor NAND 1, v0x64985c936c50_0, v0x64985c936c50_0, C4<1>, C4<1>;
L_0x64985c93c830 .functor NAND 1, v0x64985c936c50_0, L_0x64985c93c6c0, C4<1>, C4<1>;
L_0x64985c93c8a0 .functor NAND 1, L_0x64985c93c730, L_0x64985c93c6c0, C4<1>, C4<1>;
L_0x64985c93c910 .functor NAND 1, L_0x64985c93c830, L_0x64985c93c9d0, C4<1>, C4<1>;
L_0x64985c93c9d0 .functor NAND 1, L_0x64985c93c8a0, L_0x64985c93c910, C4<1>, C4<1>;
L_0x64985c93cb30 .functor NAND 1, L_0x64985c93c910, v0x64985c936d40_0, C4<1>, C4<1>;
L_0x64985c93cba0 .functor NAND 1, L_0x64985c93c9d0, v0x64985c936d40_0, C4<1>, C4<1>;
L_0x64985c93cc60 .functor NAND 1, L_0x64985c93cb30, L_0x64985c93cd20, C4<1>, C4<1>;
L_0x64985c93cd20 .functor NAND 1, L_0x64985c93cba0, L_0x64985c93cc60, C4<1>, C4<1>;
L_0x64985c93cee0 .functor BUFZ 1, L_0x64985c93cc60, C4<0>, C4<0>, C4<0>;
v0x64985c932200_0 .net "D", 0 0, v0x64985c936c50_0;  alias, 1 drivers
v0x64985c9322e0_0 .net "D_inv", 0 0, L_0x64985c93c730;  1 drivers
v0x64985c9323a0_0 .net "Q", 0 0, L_0x64985c93cee0;  alias, 1 drivers
v0x64985c932440_0 .net "clk", 0 0, v0x64985c936d40_0;  alias, 1 drivers
v0x64985c9324e0_0 .net "clk_inv", 0 0, L_0x64985c93c6c0;  1 drivers
v0x64985c9325d0_0 .net "master_Q", 0 0, L_0x64985c93c910;  1 drivers
v0x64985c932670_0 .net "master_Qb", 0 0, L_0x64985c93c9d0;  1 drivers
v0x64985c932730_0 .net "master_w1", 0 0, L_0x64985c93c830;  1 drivers
v0x64985c9327f0_0 .net "master_w2", 0 0, L_0x64985c93c8a0;  1 drivers
v0x64985c932940_0 .net "slave_Q", 0 0, L_0x64985c93cc60;  1 drivers
v0x64985c932a00_0 .net "slave_Qb", 0 0, L_0x64985c93cd20;  1 drivers
v0x64985c932ac0_0 .net "slave_w1", 0 0, L_0x64985c93cb30;  1 drivers
v0x64985c932b80_0 .net "slave_w2", 0 0, L_0x64985c93cba0;  1 drivers
S_0x64985c932cc0 .scope module, "dsum0" "Dff_new" 3 151, 3 16 0, S_0x64985c8ee0f0;
 .timescale -9 -12;
    .port_info 0 /INPUT 1 "D";
    .port_info 1 /INPUT 1 "clk";
    .port_info 2 /OUTPUT 1 "Q";
L_0x64985c943c30 .functor NAND 1, v0x64985c936d40_0, v0x64985c936d40_0, C4<1>, C4<1>;
L_0x64985c943ca0 .functor NAND 1, L_0x64985c944520, L_0x64985c944520, C4<1>, C4<1>;
L_0x64985c943d60 .functor NAND 1, L_0x64985c944520, L_0x64985c943c30, C4<1>, C4<1>;
L_0x64985c943e20 .functor NAND 1, L_0x64985c943ca0, L_0x64985c943c30, C4<1>, C4<1>;
L_0x64985c943ee0 .functor NAND 1, L_0x64985c943d60, L_0x64985c943fa0, C4<1>, C4<1>;
L_0x64985c943fa0 .functor NAND 1, L_0x64985c943e20, L_0x64985c943ee0, C4<1>, C4<1>;
L_0x64985c944100 .functor NAND 1, L_0x64985c943ee0, v0x64985c936d40_0, C4<1>, C4<1>;
L_0x64985c944170 .functor NAND 1, L_0x64985c943fa0, v0x64985c936d40_0, C4<1>, C4<1>;
L_0x64985c944230 .functor NAND 1, L_0x64985c944100, L_0x64985c9442f0, C4<1>, C4<1>;
L_0x64985c9442f0 .functor NAND 1, L_0x64985c944170, L_0x64985c944230, C4<1>, C4<1>;
L_0x64985c9444b0 .functor BUFZ 1, L_0x64985c944230, C4<0>, C4<0>, C4<0>;
v0x64985c932ea0_0 .net "D", 0 0, L_0x64985c944520;  1 drivers
v0x64985c932f80_0 .net "D_inv", 0 0, L_0x64985c943ca0;  1 drivers
v0x64985c933040_0 .net "Q", 0 0, L_0x64985c9444b0;  1 drivers
v0x64985c9330e0_0 .net "clk", 0 0, v0x64985c936d40_0;  alias, 1 drivers
v0x64985c933180_0 .net "clk_inv", 0 0, L_0x64985c943c30;  1 drivers
v0x64985c933290_0 .net "master_Q", 0 0, L_0x64985c943ee0;  1 drivers
v0x64985c933350_0 .net "master_Qb", 0 0, L_0x64985c943fa0;  1 drivers
v0x64985c933410_0 .net "master_w1", 0 0, L_0x64985c943d60;  1 drivers
v0x64985c9334d0_0 .net "master_w2", 0 0, L_0x64985c943e20;  1 drivers
v0x64985c933620_0 .net "slave_Q", 0 0, L_0x64985c944230;  1 drivers
v0x64985c9336e0_0 .net "slave_Qb", 0 0, L_0x64985c9442f0;  1 drivers
v0x64985c9337a0_0 .net "slave_w1", 0 0, L_0x64985c944100;  1 drivers
v0x64985c933860_0 .net "slave_w2", 0 0, L_0x64985c944170;  1 drivers
S_0x64985c9339a0 .scope module, "dsum1" "Dff_new" 3 152, 3 16 0, S_0x64985c8ee0f0;
 .timescale -9 -12;
    .port_info 0 /INPUT 1 "D";
    .port_info 1 /INPUT 1 "clk";
    .port_info 2 /OUTPUT 1 "Q";
L_0x64985c9445c0 .functor NAND 1, v0x64985c936d40_0, v0x64985c936d40_0, C4<1>, C4<1>;
L_0x64985c944630 .functor NAND 1, L_0x64985c944e50, L_0x64985c944e50, C4<1>, C4<1>;
L_0x64985c9446a0 .functor NAND 1, L_0x64985c944e50, L_0x64985c9445c0, C4<1>, C4<1>;
L_0x64985c944710 .functor NAND 1, L_0x64985c944630, L_0x64985c9445c0, C4<1>, C4<1>;
L_0x64985c9447d0 .functor NAND 1, L_0x64985c9446a0, L_0x64985c944890, C4<1>, C4<1>;
L_0x64985c944890 .functor NAND 1, L_0x64985c944710, L_0x64985c9447d0, C4<1>, C4<1>;
L_0x64985c944a30 .functor NAND 1, L_0x64985c9447d0, v0x64985c936d40_0, C4<1>, C4<1>;
L_0x64985c944aa0 .functor NAND 1, L_0x64985c944890, v0x64985c936d40_0, C4<1>, C4<1>;
L_0x64985c944b60 .functor NAND 1, L_0x64985c944a30, L_0x64985c944c20, C4<1>, C4<1>;
L_0x64985c944c20 .functor NAND 1, L_0x64985c944aa0, L_0x64985c944b60, C4<1>, C4<1>;
L_0x64985c944de0 .functor BUFZ 1, L_0x64985c944b60, C4<0>, C4<0>, C4<0>;
v0x64985c933b80_0 .net "D", 0 0, L_0x64985c944e50;  1 drivers
v0x64985c933c60_0 .net "D_inv", 0 0, L_0x64985c944630;  1 drivers
v0x64985c933d20_0 .net "Q", 0 0, L_0x64985c944de0;  1 drivers
v0x64985c933dc0_0 .net "clk", 0 0, v0x64985c936d40_0;  alias, 1 drivers
v0x64985c933e60_0 .net "clk_inv", 0 0, L_0x64985c9445c0;  1 drivers
v0x64985c933f70_0 .net "master_Q", 0 0, L_0x64985c9447d0;  1 drivers
v0x64985c934030_0 .net "master_Qb", 0 0, L_0x64985c944890;  1 drivers
v0x64985c9340f0_0 .net "master_w1", 0 0, L_0x64985c9446a0;  1 drivers
v0x64985c9341b0_0 .net "master_w2", 0 0, L_0x64985c944710;  1 drivers
v0x64985c934300_0 .net "slave_Q", 0 0, L_0x64985c944b60;  1 drivers
v0x64985c9343c0_0 .net "slave_Qb", 0 0, L_0x64985c944c20;  1 drivers
v0x64985c934480_0 .net "slave_w1", 0 0, L_0x64985c944a30;  1 drivers
v0x64985c934540_0 .net "slave_w2", 0 0, L_0x64985c944aa0;  1 drivers
S_0x64985c934680 .scope module, "dsum2" "Dff_new" 3 153, 3 16 0, S_0x64985c8ee0f0;
 .timescale -9 -12;
    .port_info 0 /INPUT 1 "D";
    .port_info 1 /INPUT 1 "clk";
    .port_info 2 /OUTPUT 1 "Q";
L_0x64985c945080 .functor NAND 1, v0x64985c936d40_0, v0x64985c936d40_0, C4<1>, C4<1>;
L_0x64985c9450f0 .functor NAND 1, L_0x64985c945880, L_0x64985c945880, C4<1>, C4<1>;
L_0x64985c945160 .functor NAND 1, L_0x64985c945880, L_0x64985c945080, C4<1>, C4<1>;
L_0x64985c9451d0 .functor NAND 1, L_0x64985c9450f0, L_0x64985c945080, C4<1>, C4<1>;
L_0x64985c945240 .functor NAND 1, L_0x64985c945160, L_0x64985c945300, C4<1>, C4<1>;
L_0x64985c945300 .functor NAND 1, L_0x64985c9451d0, L_0x64985c945240, C4<1>, C4<1>;
L_0x64985c945460 .functor NAND 1, L_0x64985c945240, v0x64985c936d40_0, C4<1>, C4<1>;
L_0x64985c9454d0 .functor NAND 1, L_0x64985c945300, v0x64985c936d40_0, C4<1>, C4<1>;
L_0x64985c945590 .functor NAND 1, L_0x64985c945460, L_0x64985c945650, C4<1>, C4<1>;
L_0x64985c945650 .functor NAND 1, L_0x64985c9454d0, L_0x64985c945590, C4<1>, C4<1>;
L_0x64985c945810 .functor BUFZ 1, L_0x64985c945590, C4<0>, C4<0>, C4<0>;
v0x64985c934860_0 .net "D", 0 0, L_0x64985c945880;  1 drivers
v0x64985c934940_0 .net "D_inv", 0 0, L_0x64985c9450f0;  1 drivers
v0x64985c934a00_0 .net "Q", 0 0, L_0x64985c945810;  1 drivers
v0x64985c934aa0_0 .net "clk", 0 0, v0x64985c936d40_0;  alias, 1 drivers
v0x64985c934b40_0 .net "clk_inv", 0 0, L_0x64985c945080;  1 drivers
v0x64985c934c50_0 .net "master_Q", 0 0, L_0x64985c945240;  1 drivers
v0x64985c934d10_0 .net "master_Qb", 0 0, L_0x64985c945300;  1 drivers
v0x64985c934dd0_0 .net "master_w1", 0 0, L_0x64985c945160;  1 drivers
v0x64985c934e90_0 .net "master_w2", 0 0, L_0x64985c9451d0;  1 drivers
v0x64985c934fe0_0 .net "slave_Q", 0 0, L_0x64985c945590;  1 drivers
v0x64985c9350a0_0 .net "slave_Qb", 0 0, L_0x64985c945650;  1 drivers
v0x64985c935160_0 .net "slave_w1", 0 0, L_0x64985c945460;  1 drivers
v0x64985c935220_0 .net "slave_w2", 0 0, L_0x64985c9454d0;  1 drivers
S_0x64985c935360 .scope module, "dsum3" "Dff_new" 3 154, 3 16 0, S_0x64985c8ee0f0;
 .timescale -9 -12;
    .port_info 0 /INPUT 1 "D";
    .port_info 1 /INPUT 1 "clk";
    .port_info 2 /OUTPUT 1 "Q";
L_0x64985c9459b0 .functor NAND 1, v0x64985c936d40_0, v0x64985c936d40_0, C4<1>, C4<1>;
L_0x64985c946230 .functor NAND 1, L_0x64985c946a10, L_0x64985c946a10, C4<1>, C4<1>;
L_0x64985c9462a0 .functor NAND 1, L_0x64985c946a10, L_0x64985c9459b0, C4<1>, C4<1>;
L_0x64985c946310 .functor NAND 1, L_0x64985c946230, L_0x64985c9459b0, C4<1>, C4<1>;
L_0x64985c9463d0 .functor NAND 1, L_0x64985c9462a0, L_0x64985c946490, C4<1>, C4<1>;
L_0x64985c946490 .functor NAND 1, L_0x64985c946310, L_0x64985c9463d0, C4<1>, C4<1>;
L_0x64985c9465f0 .functor NAND 1, L_0x64985c9463d0, v0x64985c936d40_0, C4<1>, C4<1>;
L_0x64985c946660 .functor NAND 1, L_0x64985c946490, v0x64985c936d40_0, C4<1>, C4<1>;
L_0x64985c946720 .functor NAND 1, L_0x64985c9465f0, L_0x64985c9467e0, C4<1>, C4<1>;
L_0x64985c9467e0 .functor NAND 1, L_0x64985c946660, L_0x64985c946720, C4<1>, C4<1>;
L_0x64985c9469a0 .functor BUFZ 1, L_0x64985c946720, C4<0>, C4<0>, C4<0>;
v0x64985c935540_0 .net "D", 0 0, L_0x64985c946a10;  1 drivers
v0x64985c935620_0 .net "D_inv", 0 0, L_0x64985c946230;  1 drivers
v0x64985c9356e0_0 .net "Q", 0 0, L_0x64985c9469a0;  1 drivers
v0x64985c935780_0 .net "clk", 0 0, v0x64985c936d40_0;  alias, 1 drivers
v0x64985c935820_0 .net "clk_inv", 0 0, L_0x64985c9459b0;  1 drivers
v0x64985c935930_0 .net "master_Q", 0 0, L_0x64985c9463d0;  1 drivers
v0x64985c9359f0_0 .net "master_Qb", 0 0, L_0x64985c946490;  1 drivers
v0x64985c935ab0_0 .net "master_w1", 0 0, L_0x64985c9462a0;  1 drivers
v0x64985c935b70_0 .net "master_w2", 0 0, L_0x64985c946310;  1 drivers
v0x64985c935cc0_0 .net "slave_Q", 0 0, L_0x64985c946720;  1 drivers
v0x64985c935d80_0 .net "slave_Qb", 0 0, L_0x64985c9467e0;  1 drivers
v0x64985c935e40_0 .net "slave_w1", 0 0, L_0x64985c9465f0;  1 drivers
v0x64985c935f00_0 .net "slave_w2", 0 0, L_0x64985c946660;  1 drivers
    .scope S_0x64985c90bcd0;
T_0 ;
    %pushi/vec4 0, 0, 1;
    %store/vec4 v0x64985c936d40_0, 0, 1;
T_0.0 ;
    %delay 5000, 0;
    %load/vec4 v0x64985c936d40_0;
    %inv;
    %store/vec4 v0x64985c936d40_0, 0, 1;
    %jmp T_0.0;
    %end;
    .thread T_0;
    .scope S_0x64985c90bcd0;
T_1 ;
    %pushi/vec4 0, 0, 4;
    %store/vec4 v0x64985c936980_0, 0, 4;
    %pushi/vec4 0, 0, 4;
    %store/vec4 v0x64985c936a60_0, 0, 4;
    %pushi/vec4 0, 0, 1;
    %store/vec4 v0x64985c936c50_0, 0, 1;
    %vpi_call 2 35 "$monitor", "Time = %0t, a = %d, b = %d, cin = %d, sum = %d, carry_out = %d", $time, v0x64985c936980_0, v0x64985c936a60_0, v0x64985c936c50_0, v0x64985c936e30_0, v0x64985c936b30_0 {0 0 0};
    %delay 10000, 0;
    %pushi/vec4 0, 0, 4;
    %store/vec4 v0x64985c936980_0, 0, 4;
    %pushi/vec4 0, 0, 4;
    %store/vec4 v0x64985c936a60_0, 0, 4;
    %pushi/vec4 0, 0, 1;
    %store/vec4 v0x64985c936c50_0, 0, 1;
    %delay 10000, 0;
    %pushi/vec4 5, 0, 4;
    %store/vec4 v0x64985c936980_0, 0, 4;
    %pushi/vec4 3, 0, 4;
    %store/vec4 v0x64985c936a60_0, 0, 4;
    %pushi/vec4 0, 0, 1;
    %store/vec4 v0x64985c936c50_0, 0, 1;
    %delay 10000, 0;
    %pushi/vec4 15, 0, 4;
    %store/vec4 v0x64985c936980_0, 0, 4;
    %pushi/vec4 15, 0, 4;
    %store/vec4 v0x64985c936a60_0, 0, 4;
    %pushi/vec4 1, 0, 1;
    %store/vec4 v0x64985c936c50_0, 0, 1;
    %delay 10000, 0;
    %pushi/vec4 12, 0, 4;
    %store/vec4 v0x64985c936980_0, 0, 4;
    %pushi/vec4 10, 0, 4;
    %store/vec4 v0x64985c936a60_0, 0, 4;
    %pushi/vec4 0, 0, 1;
    %store/vec4 v0x64985c936c50_0, 0, 1;
    %delay 10000, 0;
    %pushi/vec4 14, 0, 4;
    %store/vec4 v0x64985c936980_0, 0, 4;
    %pushi/vec4 3, 0, 4;
    %store/vec4 v0x64985c936a60_0, 0, 4;
    %pushi/vec4 1, 0, 1;
    %store/vec4 v0x64985c936c50_0, 0, 1;
    %delay 10000, 0;
    %vpi_call 2 61 "$finish" {0 0 0};
    %end;
    .thread T_1;
    .scope S_0x64985c90bcd0;
T_2 ;
    %vpi_call 2 65 "$dumpfile", "waveform.vcd" {0 0 0};
    %vpi_call 2 66 "$dumpvars", 32'sb00000000000000000000000000000000, S_0x64985c90bcd0 {0 0 0};
    %end;
    .thread T_2;
# The file index is used to find the file name in the following table.
:file_names 4;
    "N/A";
    "<interactive>";
    "final_tb.v";
    "./final.v";
